<?xml version="1.0" encoding="UTF-8"?>
<testsuite name="com.kruger.kdevbill.KdevbillApiApplicationTests" tests="1" skipped="0" failures="0" errors="0" timestamp="2025-11-06T16:27:20.335Z" hostname="DARK" time="0.507">
  <properties/>
  <testcase name="contextLoads()" classname="com.kruger.kdevbill.KdevbillApiApplicationTests" time="0.507"/>
  <system-out><![CDATA[11:27:06.909 [Test worker] INFO org.springframework.test.context.support.AnnotationConfigContextLoaderUtils -- Could not detect default configuration classes for test class [com.kruger.kdevbill.KdevbillApiApplicationTests]: KdevbillApiApplicationTests does not declare any static, non-private, non-final, nested classes annotated with @Configuration.
11:27:07.328 [Test worker] INFO org.springframework.boot.test.context.SpringBootTestContextBootstrapper -- Found @SpringBootConfiguration com.kruger.kdevbill.KdevbillApiApplication for test class com.kruger.kdevbill.KdevbillApiApplicationTests

  .   ____          _            __ _ _
 /\\ / ___'_ __ _ _(_)_ __  __ _ \ \ \ \
( ( )\___ | '_ | '_| | '_ \/ _` | \ \ \ \
 \\/  ___)| |_)| | | | | || (_| |  ) ) ) )
  '  |____| .__|_| |_|_| |_\__, | / / / /
 =========|_|==============|___/=/_/_/_/

 :: Spring Boot ::                (v3.5.7)

2025-11-06T11:27:08.110-05:00  INFO 4800 --- [kdevbill-api] [    Test worker] c.k.k.KdevbillApiApplicationTests        : Starting KdevbillApiApplicationTests using Java 17.0.12 with PID 4800 (started by leosa in C:\Users\leosa\OneDrive\Desktop\kdevbill-api)
2025-11-06T11:27:08.111-05:00  INFO 4800 --- [kdevbill-api] [    Test worker] c.k.k.KdevbillApiApplicationTests        : No active profile set, falling back to 1 default profile: "default"
2025-11-06T11:27:10.650-05:00  INFO 4800 --- [kdevbill-api] [    Test worker] .s.d.r.c.RepositoryConfigurationDelegate : Bootstrapping Spring Data JPA repositories in DEFAULT mode.
2025-11-06T11:27:10.810-05:00  INFO 4800 --- [kdevbill-api] [    Test worker] .s.d.r.c.RepositoryConfigurationDelegate : Finished Spring Data repository scanning in 143 ms. Found 6 JPA repository interfaces.
2025-11-06T11:27:12.006-05:00  INFO 4800 --- [kdevbill-api] [    Test worker] com.zaxxer.hikari.HikariDataSource       : HikariPool-1 - Starting...
2025-11-06T11:27:12.319-05:00  INFO 4800 --- [kdevbill-api] [    Test worker] com.zaxxer.hikari.pool.HikariPool        : HikariPool-1 - Added connection org.postgresql.jdbc.PgConnection@3e2c8ef
2025-11-06T11:27:12.321-05:00  INFO 4800 --- [kdevbill-api] [    Test worker] com.zaxxer.hikari.HikariDataSource       : HikariPool-1 - Start completed.
2025-11-06T11:27:12.371-05:00  INFO 4800 --- [kdevbill-api] [    Test worker] org.flywaydb.core.FlywayExecutor         : Database: jdbc:postgresql://localhost:5432/kdevbill_db (PostgreSQL 18.0)
2025-11-06T11:27:12.386-05:00  WARN 4800 --- [kdevbill-api] [    Test worker] o.f.c.internal.database.base.Database    : Flyway upgrade recommended: PostgreSQL 18.0 is newer than this version of Flyway and support has not been tested. The latest supported version of PostgreSQL is 17.
2025-11-06T11:27:12.443-05:00  INFO 4800 --- [kdevbill-api] [    Test worker] o.f.core.internal.command.DbValidate     : Successfully validated 1 migration (execution time 00:00.042s)
2025-11-06T11:27:12.576-05:00  INFO 4800 --- [kdevbill-api] [    Test worker] o.f.core.internal.command.DbMigrate      : Current version of schema "public": 1
2025-11-06T11:27:12.582-05:00  INFO 4800 --- [kdevbill-api] [    Test worker] o.f.core.internal.command.DbMigrate      : Schema "public" is up to date. No migration necessary.
2025-11-06T11:27:12.739-05:00  INFO 4800 --- [kdevbill-api] [    Test worker] o.hibernate.jpa.internal.util.LogHelper  : HHH000204: Processing PersistenceUnitInfo [name: default]
2025-11-06T11:27:12.882-05:00  INFO 4800 --- [kdevbill-api] [    Test worker] org.hibernate.Version                    : HHH000412: Hibernate ORM core version 6.6.33.Final
2025-11-06T11:27:12.978-05:00  INFO 4800 --- [kdevbill-api] [    Test worker] o.h.c.internal.RegionFactoryInitiator    : HHH000026: Second-level cache disabled
2025-11-06T11:27:13.675-05:00  INFO 4800 --- [kdevbill-api] [    Test worker] o.s.o.j.p.SpringPersistenceUnitInfo      : No LoadTimeWeaver setup: ignoring JPA class transformer
2025-11-06T11:27:13.832-05:00  INFO 4800 --- [kdevbill-api] [    Test worker] org.hibernate.orm.connections.pooling    : HHH10001005: Database info:
	Database JDBC URL [Connecting through datasource 'HikariDataSource (HikariPool-1)']
	Database driver: undefined/unknown
	Database version: 18.0
	Autocommit mode: undefined/unknown
	Isolation level: undefined/unknown
	Minimum pool size: undefined/unknown
	Maximum pool size: undefined/unknown
2025-11-06T11:27:15.496-05:00  INFO 4800 --- [kdevbill-api] [    Test worker] o.h.e.t.j.p.i.JtaPlatformInitiator       : HHH000489: No JTA platform available (set 'hibernate.transaction.jta.platform' to enable JTA platform integration)
2025-11-06T11:27:15.542-05:00  INFO 4800 --- [kdevbill-api] [    Test worker] j.LocalContainerEntityManagerFactoryBean : Initialized JPA EntityManagerFactory for persistence unit 'default'
2025-11-06T11:27:16.364-05:00  INFO 4800 --- [kdevbill-api] [    Test worker] eAuthenticationProviderManagerConfigurer : Global AuthenticationManager configured with AuthenticationProvider bean with name authenticationProvider
2025-11-06T11:27:16.369-05:00  WARN 4800 --- [kdevbill-api] [    Test worker] r$InitializeUserDetailsManagerConfigurer : Global AuthenticationManager configured with an AuthenticationProvider bean. UserDetailsService beans will not be used by Spring Security for automatically configuring username/password login. Consider removing the AuthenticationProvider bean. Alternatively, consider using the UserDetailsService in a manually instantiated DaoAuthenticationProvider. If the current configuration is intentional, to turn off this warning, increase the logging level of 'org.springframework.security.config.annotation.authentication.configuration.InitializeUserDetailsBeanManagerConfigurer' to ERROR
2025-11-06T11:27:16.706-05:00  INFO 4800 --- [kdevbill-api] [    Test worker] o.s.d.j.r.query.QueryEnhancerFactory     : Hibernate is in classpath; If applicable, HQL parser will be used.
2025-11-06T11:27:18.219-05:00  WARN 4800 --- [kdevbill-api] [    Test worker] JpaBaseConfiguration$JpaWebConfiguration : spring.jpa.open-in-view is enabled by default. Therefore, database queries may be performed during view rendering. Explicitly configure spring.jpa.open-in-view to disable this warning
2025-11-06T11:27:19.003-05:00  INFO 4800 --- [kdevbill-api] [    Test worker] o.s.b.a.e.web.EndpointLinksResolver      : Exposing 1 endpoint beneath base path '/actuator'
2025-11-06T11:27:20.254-05:00  INFO 4800 --- [kdevbill-api] [    Test worker] c.k.k.KdevbillApiApplicationTests        : Started KdevbillApiApplicationTests in 12.577 seconds (process running for 15.151)
]]></system-out>
  <system-err><![CDATA[]]></system-err>
</testsuite>
